<?xml version="1.0"?>
<testsuite name="Chrome 45.0.2454 (Linux 0.0.0)" package="" timestamp="2016-02-29T03:14:24" id="0" hostname="server.casa.com" tests="0" errors="1" failures="0" time="0">
  <properties>
    <property name="browser.fullName" value="Mozilla/5.0 (X11; Linux x86_64) AppleWebKit/537.36 (KHTML, like Gecko) Chrome/45.0.2454.93 Safari/537.36"/>
  </properties>
  <system-out>
    <![CDATA[PhantomJS 2.1.1 (Linux 0.0.0) ERROR
  Error: Cannot find module "../../system/adapter/IsJsAdapter"
  at /home/gmena/Documentos/syrup/test/core/test_syrup_main.js:49
,Chrome 45.0.2454 (Linux 0.0.0) ERROR
  Uncaught Error: Cannot find module "../../system/adapter/IsJsAdapter"
  at /home/gmena/Documentos/syrup/test/core/test_syrup_main.js:49

]]>
  </system-out>
  <system-err/>
</testsuite>