<?xml version="1.0"?>
<testsuite name="Firefox 40.0.0 (Linux 0.0.0)" package="" timestamp="2016-03-07T17:07:19" id="0" hostname="server.casa.com" tests="16" errors="0" failures="3" time="0.012">
  <properties>
    <property name="browser.fullName" value="Mozilla/5.0 (X11; Linux x86_64; rv:40.0) Gecko/20100101 Firefox/40.0"/>
  </properties>
  <testcase name="should be instantiable" time="0.005" classname="Firefox_40_0_0_(Linux_0_0_0).Syrup.core"/>
  <testcase name="should be D10s injectable" time="0" classname="Firefox_40_0_0_(Linux_0_0_0).Syrup.core"/>
  <testcase name="should show version" time="0.001" classname="Firefox_40_0_0_(Linux_0_0_0).Syrup.core"/>
  <testcase name="should have the attribute &quot;this.nav&quot; and is Object type" time="0.001" classname="Firefox_40_0_0_(Linux_0_0_0).Syrup.core"/>
  <testcase name="should have the attribute &quot;this.is&quot; and is Object type" time="0" classname="Firefox_40_0_0_(Linux_0_0_0).Syrup.core"/>
  <testcase name="should have the attribute &quot;this.m6s&quot; and is Object type" time="0" classname="Firefox_40_0_0_(Linux_0_0_0).Syrup.core"/>
  <testcase name="should have the attribute &quot;this.u10s&quot; and is Object type" time="0" classname="Firefox_40_0_0_(Linux_0_0_0).Syrup.core"/>
  <testcase name="should have the attribute &quot;this.$&quot; and is Function type" time="0.002" classname="Firefox_40_0_0_(Linux_0_0_0).Syrup.core">
    <failure type="">Expected Object({  }) to equal &lt;jasmine.any(Function)&gt;.
@/home/gmena/Documentos/syrup/test/core/test_syrup_main.js:166:4
</failure>
  </testcase>
  <testcase name="should be callable function" time="0" classname="Firefox_40_0_0_(Linux_0_0_0).Syrup.core.getNav()"/>
  <testcase name="should call (this.nav.local)" time="0" classname="Firefox_40_0_0_(Linux_0_0_0).Syrup.core.getNav()"/>
  <testcase name="match type &quot;object&quot; in the return" time="0.001" classname="Firefox_40_0_0_(Linux_0_0_0).Syrup.core.getNav()"/>
  <testcase name="match {nav}, {version} and {platform}, in returned object keys" time="0" classname="Firefox_40_0_0_(Linux_0_0_0).Syrup.core.getNav()"/>
  <testcase name="should be callable function" time="0.001" classname="Firefox_40_0_0_(Linux_0_0_0).Syrup.core.i18n()"/>
  <testcase name="should can use (this.m6s.locale)" time="0.001" classname="Firefox_40_0_0_(Linux_0_0_0).Syrup.core.i18n()">
    <failure type="">Expected undefined to be defined.
@/home/gmena/Documentos/syrup/test/core/test_syrup_main.js:282:4
</failure>
    <failure type="">Error: locale() method does not exist in /home/gmena/Documentos/syrup/node_modules/jasmine-core/lib/jasmine-core/jasmine.js (line 1895)
@/home/gmena/Documentos/syrup/test/core/test_syrup_main.js:283:4
</failure>
  </testcase>
  <testcase name="should be called, with invalid second param" time="0" classname="Firefox_40_0_0_(Linux_0_0_0).Syrup.core.i18n()"/>
  <testcase name="match type &quot;object&quot; in the return" time="0" classname="Firefox_40_0_0_(Linux_0_0_0).Syrup.core.i18n()">
    <failure type="">TypeError: this.m6s.locale is not a function in /home/gmena/Documentos/syrup/test/core/test_syrup_main.js (line 26366)
i18n@/home/gmena/Documentos/syrup/test/core/test_syrup_main.js:26366:5
@/home/gmena/Documentos/syrup/test/core/test_syrup_main.js:300:11
</failure>
  </testcase>
  <system-out>
    <![CDATA[
]]>
  </system-out>
  <system-err/>
</testsuite>