<?xml version="1.0"?>
<testsuite name="Firefox 40.0.0 (Linux 0.0.0)" package="" timestamp="2016-02-29T07:04:45" id="0" hostname="server.casa.com" tests="15" errors="0" failures="0" time="0.018">
  <properties>
    <property name="browser.fullName" value="Mozilla/5.0 (X11; Linux x86_64; rv:40.0) Gecko/20100101 Firefox/40.0"/>
  </properties>
  <testcase name="should be instantiable" time="0.007" classname="Firefox_40_0_0_(Linux_0_0_0).Syrup.core"/>
  <testcase name="should show version" time="0.001" classname="Firefox_40_0_0_(Linux_0_0_0).Syrup.core"/>
  <testcase name="should have the attribute &quot;this.nav&quot; and is Object type" time="0" classname="Firefox_40_0_0_(Linux_0_0_0).Syrup.core"/>
  <testcase name="should have the attribute &quot;this.is&quot; and is Object type" time="0" classname="Firefox_40_0_0_(Linux_0_0_0).Syrup.core"/>
  <testcase name="should have the attribute &quot;this.m6s&quot; and is Object type" time="0" classname="Firefox_40_0_0_(Linux_0_0_0).Syrup.core"/>
  <testcase name="should have the attribute &quot;this.u10s&quot; and is Object type" time="0" classname="Firefox_40_0_0_(Linux_0_0_0).Syrup.core"/>
  <testcase name="should have the attribute &quot;this.$&quot; and is Function type" time="0.002" classname="Firefox_40_0_0_(Linux_0_0_0).Syrup.core"/>
  <testcase name="should be callable function" time="0.002" classname="Firefox_40_0_0_(Linux_0_0_0).Syrup.core.getNav()"/>
  <testcase name="should call (this.nav.local)" time="0.001" classname="Firefox_40_0_0_(Linux_0_0_0).Syrup.core.getNav()"/>
  <testcase name="match type &quot;object&quot; in the return" time="0.001" classname="Firefox_40_0_0_(Linux_0_0_0).Syrup.core.getNav()"/>
  <testcase name="match {nav}, {version} and {platform}, in returned object keys" time="0.001" classname="Firefox_40_0_0_(Linux_0_0_0).Syrup.core.getNav()"/>
  <testcase name="should be callable function" time="0.001" classname="Firefox_40_0_0_(Linux_0_0_0).Syrup.core.i18n()"/>
  <testcase name="should can use (this.m6s.locale)" time="0.001" classname="Firefox_40_0_0_(Linux_0_0_0).Syrup.core.i18n()"/>
  <testcase name="should be called, with invalid second param" time="0" classname="Firefox_40_0_0_(Linux_0_0_0).Syrup.core.i18n()"/>
  <testcase name="match type &quot;object&quot; in the return" time="0.001" classname="Firefox_40_0_0_(Linux_0_0_0).Syrup.core.i18n()"/>
  <system-out>
    <![CDATA[
]]>
  </system-out>
  <system-err/>
</testsuite>